{"level":"info","message":"Server is running on port 3000","timestamp":"2025-04-09T03:45:32.104Z"}
{"level":"info","message":"API Documentation available at http://localhost:3000/api-docs","timestamp":"2025-04-09T03:45:32.108Z"}
{"level":"error","message":"❌ Error conectando a la base de datos: User 'cnkceneka_intogoesso' has exceeded the 'max_user_connections' resource (current value: 10)","timestamp":"2025-04-09T03:45:32.855Z"}
{"level":"info","message":"Server is running on port 3000","timestamp":"2025-04-09T03:46:03.539Z"}
{"level":"info","message":"API Documentation available at http://localhost:3000/api-docs","timestamp":"2025-04-09T03:46:03.543Z"}
{"level":"info","message":"✅ Conexión exitosa a la base de datos MySQL 🐬\n    - Host: r3nw3.h.filess.io\n    - Puerto: 3307\n    - Usuario: cnkceneka_intogoesso\n    - Base de datos: cnkceneka_intogoesso","timestamp":"2025-04-09T03:46:04.458Z"}
{"level":"info","message":"📦 Versión del servidor MySQL: 8.0.36-28","timestamp":"2025-04-09T03:46:04.551Z"}
{"level":"error","message":"Error al obtener la propiedad: Unknown column 'state' in 'field list'","timestamp":"2025-04-09T03:46:14.303Z"}
{"level":"info","message":"::1 - - [09/Apr/2025:03:46:14 +0000] \"GET /api/properties/19 HTTP/1.1\" 500 59 \"-\" \"PostmanRuntime/7.43.3\"","timestamp":"2025-04-09T03:46:14.311Z"}
{"level":"error","message":"Error al obtener la propiedad: Unknown column 'state' in 'field list'","timestamp":"2025-04-09T03:46:16.905Z"}
{"level":"info","message":"::1 - - [09/Apr/2025:03:46:16 +0000] \"GET /api/properties/19 HTTP/1.1\" 500 59 \"-\" \"PostmanRuntime/7.43.3\"","timestamp":"2025-04-09T03:46:16.908Z"}
{"level":"error","message":"Error al obtener la propiedad: Unknown column 'state' in 'field list'","timestamp":"2025-04-09T03:46:18.885Z"}
{"level":"info","message":"::1 - - [09/Apr/2025:03:46:18 +0000] \"GET /api/properties/19 HTTP/1.1\" 500 59 \"-\" \"PostmanRuntime/7.43.3\"","timestamp":"2025-04-09T03:46:18.886Z"}
{"level":"error","message":"Error al obtener la propiedad: Unknown column 'state' in 'field list'","timestamp":"2025-04-09T03:46:20.245Z"}
{"level":"info","message":"::1 - - [09/Apr/2025:03:46:20 +0000] \"GET /api/properties/19 HTTP/1.1\" 500 59 \"-\" \"PostmanRuntime/7.43.3\"","timestamp":"2025-04-09T03:46:20.247Z"}
{"level":"error","message":"Error al obtener la propiedad: Unknown column 'state' in 'field list'","timestamp":"2025-04-09T03:46:21.839Z"}
{"level":"info","message":"::1 - - [09/Apr/2025:03:46:21 +0000] \"GET /api/properties/19 HTTP/1.1\" 500 59 \"-\" \"PostmanRuntime/7.43.3\"","timestamp":"2025-04-09T03:46:21.842Z"}
{"level":"error","message":"Error al obtener las propiedades: Unknown column 'state' in 'field list'","timestamp":"2025-04-09T03:46:25.636Z"}
{"level":"info","message":"::1 - - [09/Apr/2025:03:46:25 +0000] \"GET /api/properties?page=1&limit=4 HTTP/1.1\" 500 62 \"-\" \"PostmanRuntime/7.43.3\"","timestamp":"2025-04-09T03:46:25.637Z"}
{"level":"error","message":"Error al obtener las propiedades: Unknown column 'state' in 'field list'","timestamp":"2025-04-09T03:46:28.032Z"}
{"level":"info","message":"::1 - - [09/Apr/2025:03:46:28 +0000] \"GET /api/properties?page=1&limit=4 HTTP/1.1\" 500 62 \"-\" \"PostmanRuntime/7.43.3\"","timestamp":"2025-04-09T03:46:28.033Z"}
{"level":"error","message":"Error al obtener las propiedades: Unknown column 'state' in 'field list'","timestamp":"2025-04-09T03:46:29.525Z"}
{"level":"info","message":"::1 - - [09/Apr/2025:03:46:29 +0000] \"GET /api/properties?page=1&limit=4 HTTP/1.1\" 500 62 \"-\" \"PostmanRuntime/7.43.3\"","timestamp":"2025-04-09T03:46:29.527Z"}
{"level":"error","message":"Error al obtener las propiedades: Unknown column 'state' in 'field list'","timestamp":"2025-04-09T03:46:37.969Z"}
{"level":"info","message":"::1 - - [09/Apr/2025:03:46:37 +0000] \"GET /api/properties?page=1&limit=4 HTTP/1.1\" 500 62 \"-\" \"PostmanRuntime/7.43.3\"","timestamp":"2025-04-09T03:46:37.971Z"}
{"level":"error","message":"Error al obtener las propiedades: Unknown column 'state' in 'field list'","timestamp":"2025-04-09T14:54:53.138Z"}
{"level":"info","message":"::1 - - [09/Apr/2025:14:54:53 +0000] \"GET /api/properties?page=1&limit=4 HTTP/1.1\" 500 62 \"-\" \"PostmanRuntime/7.43.3\"","timestamp":"2025-04-09T14:54:53.213Z"}
{"level":"error","message":"Error al obtener las propiedades: Unknown column 'state' in 'field list'","timestamp":"2025-04-09T14:54:58.715Z"}
{"level":"info","message":"::1 - - [09/Apr/2025:14:54:58 +0000] \"GET /api/properties?page=1&limit=4 HTTP/1.1\" 500 62 \"-\" \"PostmanRuntime/7.43.3\"","timestamp":"2025-04-09T14:54:58.717Z"}
{"level":"info","message":"Server is running on port 3000","timestamp":"2025-04-09T14:55:21.464Z"}
{"level":"info","message":"API Documentation available at http://localhost:3000/api-docs","timestamp":"2025-04-09T14:55:21.468Z"}
{"level":"info","message":"✅ Conexión exitosa a la base de datos MySQL 🐬\n    - Host: r3nw3.h.filess.io\n    - Puerto: 3307\n    - Usuario: cnkceneka_intogoesso\n    - Base de datos: cnkceneka_intogoesso","timestamp":"2025-04-09T14:55:22.236Z"}
{"level":"info","message":"📦 Versión del servidor MySQL: 8.0.36-28","timestamp":"2025-04-09T14:55:22.318Z"}
{"level":"error","message":"Error al obtener las propiedades: Unknown column 'state' in 'field list'","timestamp":"2025-04-09T14:55:28.754Z"}
{"level":"info","message":"::1 - - [09/Apr/2025:14:55:28 +0000] \"GET /api/properties?page=1&limit=4 HTTP/1.1\" 500 62 \"-\" \"PostmanRuntime/7.43.3\"","timestamp":"2025-04-09T14:55:28.761Z"}
{"level":"info","message":"Server is running on port 3000","timestamp":"2025-04-09T14:56:17.083Z"}
{"level":"info","message":"API Documentation available at http://localhost:3000/api-docs","timestamp":"2025-04-09T14:56:17.086Z"}
{"level":"info","message":"✅ Conexión exitosa a la base de datos MySQL 🐬\n    - Host: r3nw3.h.filess.io\n    - Puerto: 3307\n    - Usuario: cnkceneka_intogoesso\n    - Base de datos: cnkceneka_intogoesso","timestamp":"2025-04-09T14:56:17.724Z"}
{"level":"info","message":"📦 Versión del servidor MySQL: 8.0.36-28","timestamp":"2025-04-09T14:56:17.801Z"}
{"level":"info","message":"::1 - - [09/Apr/2025:14:56:20 +0000] \"GET /api/properties?page=1&limit=4 HTTP/1.1\" 200 3200 \"-\" \"PostmanRuntime/7.43.3\"","timestamp":"2025-04-09T14:56:20.595Z"}
{"level":"info","message":"Server is running on port 3000","timestamp":"2025-04-09T14:57:24.186Z"}
{"level":"info","message":"API Documentation available at http://localhost:3000/api-docs","timestamp":"2025-04-09T14:57:24.193Z"}
{"level":"info","message":"✅ Conexión exitosa a la base de datos MySQL 🐬\n    - Host: r3nw3.h.filess.io\n    - Puerto: 3307\n    - Usuario: cnkceneka_intogoesso\n    - Base de datos: cnkceneka_intogoesso","timestamp":"2025-04-09T14:57:25.216Z"}
{"level":"info","message":"📦 Versión del servidor MySQL: 8.0.36-28","timestamp":"2025-04-09T14:57:25.312Z"}
{"level":"info","message":"Server is running on port 3000","timestamp":"2025-04-09T14:58:12.162Z"}
{"level":"info","message":"API Documentation available at http://localhost:3000/api-docs","timestamp":"2025-04-09T14:58:12.166Z"}
{"level":"info","message":"✅ Conexión exitosa a la base de datos MySQL 🐬\n    - Host: r3nw3.h.filess.io\n    - Puerto: 3307\n    - Usuario: cnkceneka_intogoesso\n    - Base de datos: cnkceneka_intogoesso","timestamp":"2025-04-09T14:58:13.064Z"}
{"level":"info","message":"📦 Versión del servidor MySQL: 8.0.36-28","timestamp":"2025-04-09T14:58:13.156Z"}
{"level":"error","message":"Error al obtener las propiedades: Unknown column 'state' in 'field list'","timestamp":"2025-04-09T14:58:28.692Z"}
{"level":"info","message":"::1 - - [09/Apr/2025:14:58:28 +0000] \"GET /api/properties?page=1&limit=4 HTTP/1.1\" 500 62 \"-\" \"PostmanRuntime/7.43.3\"","timestamp":"2025-04-09T14:58:28.699Z"}
{"level":"error","message":"Error al obtener las propiedades: Unknown column 'state' in 'field list'","timestamp":"2025-04-09T14:58:43.699Z"}
{"level":"info","message":"::1 - - [09/Apr/2025:14:58:43 +0000] \"GET /api/properties?page=1&limit=4 HTTP/1.1\" 500 62 \"-\" \"PostmanRuntime/7.43.3\"","timestamp":"2025-04-09T14:58:43.703Z"}
{"level":"info","message":"Server is running on port 3000","timestamp":"2025-04-09T15:15:48.246Z"}
{"level":"info","message":"API Documentation available at http://localhost:3000/api-docs","timestamp":"2025-04-09T15:15:48.249Z"}
{"level":"info","message":"✅ Conexión exitosa a la base de datos MySQL 🐬\n    - Host: r3nw3.h.filess.io\n    - Puerto: 3307\n    - Usuario: cnkceneka_intogoesso\n    - Base de datos: cnkceneka_intogoesso","timestamp":"2025-04-09T15:15:49.085Z"}
{"level":"info","message":"📦 Versión del servidor MySQL: 8.0.36-28","timestamp":"2025-04-09T15:15:49.170Z"}
{"level":"info","message":"::1 - - [09/Apr/2025:15:25:06 +0000] \"POST /api/properties HTTP/1.1\" 401 54 \"-\" \"PostmanRuntime/7.43.3\"","timestamp":"2025-04-09T15:25:06.621Z"}
{"level":"info","message":"Iniciando creación de propiedad","timestamp":"2025-04-09T15:25:28.338Z"}
{"level":"info","message":"Body recibido:","timestamp":"2025-04-09T15:25:28.340Z"}
{"level":"info","message":"Input transformado:","timestamp":"2025-04-09T15:25:28.341Z"}
{"level":"info","message":"Datos listos para insertar:","timestamp":"2025-04-09T15:25:28.342Z"}
{"level":"error","message":"Error al crear la propiedad: read ECONNRESET","timestamp":"2025-04-09T15:25:28.448Z"}
{"level":"info","message":"::1 - - [09/Apr/2025:15:25:28 +0000] \"POST /api/properties HTTP/1.1\" 500 57 \"-\" \"PostmanRuntime/7.43.3\"","timestamp":"2025-04-09T15:25:28.449Z"}
{"level":"info","message":"Iniciando creación de propiedad","timestamp":"2025-04-09T15:29:46.424Z"}
{"level":"info","message":"Body recibido:","timestamp":"2025-04-09T15:29:46.435Z"}
{"level":"info","message":"Input transformado:","timestamp":"2025-04-09T15:29:46.435Z"}
{"level":"info","message":"Datos listos para insertar:","timestamp":"2025-04-09T15:29:46.436Z"}
{"level":"error","message":"Error al crear la propiedad: Malformed communication packet.","timestamp":"2025-04-09T15:29:47.417Z"}
{"level":"info","message":"::1 - - [09/Apr/2025:15:29:47 +0000] \"POST /api/properties HTTP/1.1\" 500 57 \"-\" \"PostmanRuntime/7.43.3\"","timestamp":"2025-04-09T15:29:47.419Z"}
{"level":"info","message":"Server is running on port 3000","timestamp":"2025-04-09T15:31:36.557Z"}
{"level":"info","message":"API Documentation available at http://localhost:3000/api-docs","timestamp":"2025-04-09T15:31:36.561Z"}
{"level":"info","message":"✅ Conexión exitosa a la base de datos MySQL 🐬\n    - Host: r3nw3.h.filess.io\n    - Puerto: 3307\n    - Usuario: cnkceneka_intogoesso\n    - Base de datos: cnkceneka_intogoesso","timestamp":"2025-04-09T15:31:37.320Z"}
{"level":"info","message":"📦 Versión del servidor MySQL: 8.0.36-28","timestamp":"2025-04-09T15:31:37.399Z"}
{"level":"info","message":"Server is running on port 3000","timestamp":"2025-04-09T15:32:39.483Z"}
{"level":"info","message":"API Documentation available at http://localhost:3000/api-docs","timestamp":"2025-04-09T15:32:39.487Z"}
{"level":"info","message":"✅ Conexión exitosa a la base de datos MySQL 🐬\n    - Host: r3nw3.h.filess.io\n    - Puerto: 3307\n    - Usuario: cnkceneka_intogoesso\n    - Base de datos: cnkceneka_intogoesso","timestamp":"2025-04-09T15:32:40.270Z"}
{"level":"info","message":"📦 Versión del servidor MySQL: 8.0.36-28","timestamp":"2025-04-09T15:32:40.354Z"}
{"level":"info","message":"Iniciando creación de propiedad","timestamp":"2025-04-09T15:32:47.215Z"}
{"level":"info","message":"Body recibido:","timestamp":"2025-04-09T15:32:47.216Z"}
{"level":"info","message":"Input transformado:","timestamp":"2025-04-09T15:32:47.217Z"}
{"level":"info","message":"Datos listos para insertar:","timestamp":"2025-04-09T15:32:47.218Z"}
{"level":"error","message":"Error al crear la propiedad: Malformed communication packet.","timestamp":"2025-04-09T15:32:47.404Z"}
{"level":"info","message":"::1 - - [09/Apr/2025:15:32:47 +0000] \"POST /api/properties HTTP/1.1\" 500 57 \"-\" \"PostmanRuntime/7.43.3\"","timestamp":"2025-04-09T15:32:47.410Z"}
{"level":"info","message":"Iniciando creación de propiedad","timestamp":"2025-04-09T15:33:10.592Z"}
{"level":"info","message":"Body recibido:","timestamp":"2025-04-09T15:33:10.593Z"}
{"level":"info","message":"Input transformado:","timestamp":"2025-04-09T15:33:10.593Z"}
{"level":"info","message":"Datos listos para insertar:","timestamp":"2025-04-09T15:33:10.594Z"}
{"level":"error","message":"Error al crear la propiedad: Malformed communication packet.","timestamp":"2025-04-09T15:33:10.684Z"}
{"level":"info","message":"::1 - - [09/Apr/2025:15:33:10 +0000] \"POST /api/properties HTTP/1.1\" 500 57 \"-\" \"PostmanRuntime/7.43.3\"","timestamp":"2025-04-09T15:33:10.688Z"}
{"level":"info","message":"Server is running on port 3000","timestamp":"2025-04-09T15:34:33.111Z"}
{"level":"info","message":"API Documentation available at http://localhost:3000/api-docs","timestamp":"2025-04-09T15:34:33.115Z"}
{"level":"info","message":"✅ Conexión exitosa a la base de datos MySQL 🐬\n    - Host: r3nw3.h.filess.io\n    - Puerto: 3307\n    - Usuario: cnkceneka_intogoesso\n    - Base de datos: cnkceneka_intogoesso","timestamp":"2025-04-09T15:34:33.970Z"}
{"level":"info","message":"📦 Versión del servidor MySQL: 8.0.36-28","timestamp":"2025-04-09T15:34:34.055Z"}
{"level":"info","message":"Iniciando creación de propiedad","timestamp":"2025-04-09T15:34:38.174Z"}
{"level":"info","message":"Body recibido:","timestamp":"2025-04-09T15:34:38.175Z"}
{"level":"info","message":"Input transformado:","timestamp":"2025-04-09T15:34:38.175Z"}
{"level":"info","message":"Datos listos para insertar:","timestamp":"2025-04-09T15:34:38.176Z"}
{"level":"error","message":"Error al crear la propiedad: Malformed communication packet.","timestamp":"2025-04-09T15:34:38.351Z"}
{"level":"info","message":"::1 - - [09/Apr/2025:15:34:38 +0000] \"POST /api/properties HTTP/1.1\" 500 57 \"-\" \"PostmanRuntime/7.43.3\"","timestamp":"2025-04-09T15:34:38.356Z"}
{"level":"info","message":"Server is running on port 3000","timestamp":"2025-04-09T15:36:35.564Z"}
{"level":"info","message":"API Documentation available at http://localhost:3000/api-docs","timestamp":"2025-04-09T15:36:35.568Z"}
{"level":"info","message":"✅ Conexión exitosa a la base de datos MySQL 🐬\n    - Host: r3nw3.h.filess.io\n    - Puerto: 3307\n    - Usuario: cnkceneka_intogoesso\n    - Base de datos: cnkceneka_intogoesso","timestamp":"2025-04-09T15:36:36.353Z"}
{"level":"info","message":"📦 Versión del servidor MySQL: 8.0.36-28","timestamp":"2025-04-09T15:36:36.434Z"}
{"level":"info","message":"Server is running on port 3000","timestamp":"2025-04-09T15:37:23.515Z"}
{"level":"info","message":"API Documentation available at http://localhost:3000/api-docs","timestamp":"2025-04-09T15:37:23.519Z"}
{"level":"info","message":"✅ Conexión exitosa a la base de datos MySQL 🐬\n    - Host: r3nw3.h.filess.io\n    - Puerto: 3307\n    - Usuario: cnkceneka_intogoesso\n    - Base de datos: cnkceneka_intogoesso","timestamp":"2025-04-09T15:37:24.116Z"}
{"level":"info","message":"📦 Versión del servidor MySQL: 8.0.36-28","timestamp":"2025-04-09T15:37:24.209Z"}
{"level":"info","message":"Iniciando creación de propiedad","timestamp":"2025-04-09T15:38:02.317Z"}
{"level":"info","message":"Body recibido:","timestamp":"2025-04-09T15:38:02.318Z"}
{"level":"info","message":"Input transformado:","timestamp":"2025-04-09T15:38:02.319Z"}
{"level":"info","message":"Datos listos para insertar:","timestamp":"2025-04-09T15:38:02.320Z"}
{"level":"info","message":"::1 - - [09/Apr/2025:15:38:04 +0000] \"POST /api/properties HTTP/1.1\" 201 1511 \"-\" \"PostmanRuntime/7.43.3\"","timestamp":"2025-04-09T15:38:04.879Z"}
{"level":"info","message":"::1 - - [09/Apr/2025:15:38:49 +0000] \"GET /api/properties?page=1&limit=4 HTTP/1.1\" 200 1745 \"-\" \"PostmanRuntime/7.43.3\"","timestamp":"2025-04-09T15:38:49.642Z"}
{"level":"info","message":"::1 - - [09/Apr/2025:15:39:14 +0000] \"GET /api/properties/21 HTTP/1.1\" 200 1689 \"-\" \"PostmanRuntime/7.43.3\"","timestamp":"2025-04-09T15:39:14.178Z"}
{"level":"info","message":"Server is running on port 3000","timestamp":"2025-04-09T15:40:52.591Z"}
{"level":"info","message":"API Documentation available at http://localhost:3000/api-docs","timestamp":"2025-04-09T15:40:52.595Z"}
{"level":"info","message":"✅ Conexión exitosa a la base de datos MySQL 🐬\n    - Host: r3nw3.h.filess.io\n    - Puerto: 3307\n    - Usuario: cnkceneka_intogoesso\n    - Base de datos: cnkceneka_intogoesso","timestamp":"2025-04-09T15:40:53.417Z"}
{"level":"info","message":"📦 Versión del servidor MySQL: 8.0.36-28","timestamp":"2025-04-09T15:40:53.493Z"}
{"level":"info","message":"Iniciando creación de propiedad","timestamp":"2025-04-09T15:41:06.989Z"}
{"level":"info","message":"Body recibido:","timestamp":"2025-04-09T15:41:06.990Z"}
{"level":"info","message":"Input transformado:","timestamp":"2025-04-09T15:41:06.991Z"}
{"level":"info","message":"Datos listos para insertar:","timestamp":"2025-04-09T15:41:06.993Z"}
{"level":"info","message":"::1 - - [09/Apr/2025:15:41:09 +0000] \"POST /api/properties HTTP/1.1\" 201 1511 \"-\" \"PostmanRuntime/7.43.3\"","timestamp":"2025-04-09T15:41:09.349Z"}
{"level":"info","message":"Server is running on port 3000","timestamp":"2025-04-09T15:42:10.604Z"}
{"level":"info","message":"API Documentation available at http://localhost:3000/api-docs","timestamp":"2025-04-09T15:42:10.608Z"}
{"level":"info","message":"✅ Conexión exitosa a la base de datos MySQL 🐬\n    - Host: r3nw3.h.filess.io\n    - Puerto: 3307\n    - Usuario: cnkceneka_intogoesso\n    - Base de datos: cnkceneka_intogoesso","timestamp":"2025-04-09T15:42:11.402Z"}
{"level":"info","message":"📦 Versión del servidor MySQL: 8.0.36-28","timestamp":"2025-04-09T15:42:11.490Z"}
{"level":"info","message":"::1 - - [09/Apr/2025:15:42:15 +0000] \"GET /api/properties?page=1&limit=4 HTTP/1.1\" 200 3411 \"-\" \"PostmanRuntime/7.43.3\"","timestamp":"2025-04-09T15:42:15.228Z"}
{"level":"info","message":"Iniciando creación de propiedad","timestamp":"2025-04-09T15:42:22.996Z"}
{"level":"info","message":"Body recibido:","timestamp":"2025-04-09T15:42:22.997Z"}
{"level":"info","message":"Input transformado:","timestamp":"2025-04-09T15:42:22.998Z"}
{"level":"info","message":"Datos listos para insertar:","timestamp":"2025-04-09T15:42:22.999Z"}
{"level":"info","message":"::1 - - [09/Apr/2025:15:42:25 +0000] \"POST /api/properties HTTP/1.1\" 201 1511 \"-\" \"PostmanRuntime/7.43.3\"","timestamp":"2025-04-09T15:42:25.575Z"}
