{"level":"error","message":"❌ Error conectando a la base de datos: User 'cnkceneka_intogoesso' has exceeded the 'max_user_connections' resource (current value: 10)","timestamp":"2025-04-09T03:45:32.855Z"}
{"level":"error","message":"Error al obtener la propiedad: Unknown column 'state' in 'field list'","timestamp":"2025-04-09T03:46:14.303Z"}
{"level":"error","message":"Error al obtener la propiedad: Unknown column 'state' in 'field list'","timestamp":"2025-04-09T03:46:16.905Z"}
{"level":"error","message":"Error al obtener la propiedad: Unknown column 'state' in 'field list'","timestamp":"2025-04-09T03:46:18.885Z"}
{"level":"error","message":"Error al obtener la propiedad: Unknown column 'state' in 'field list'","timestamp":"2025-04-09T03:46:20.245Z"}
{"level":"error","message":"Error al obtener la propiedad: Unknown column 'state' in 'field list'","timestamp":"2025-04-09T03:46:21.839Z"}
{"level":"error","message":"Error al obtener las propiedades: Unknown column 'state' in 'field list'","timestamp":"2025-04-09T03:46:25.636Z"}
{"level":"error","message":"Error al obtener las propiedades: Unknown column 'state' in 'field list'","timestamp":"2025-04-09T03:46:28.032Z"}
{"level":"error","message":"Error al obtener las propiedades: Unknown column 'state' in 'field list'","timestamp":"2025-04-09T03:46:29.525Z"}
{"level":"error","message":"Error al obtener las propiedades: Unknown column 'state' in 'field list'","timestamp":"2025-04-09T03:46:37.969Z"}
{"level":"error","message":"Error al obtener las propiedades: Unknown column 'state' in 'field list'","timestamp":"2025-04-09T14:54:53.138Z"}
{"level":"error","message":"Error al obtener las propiedades: Unknown column 'state' in 'field list'","timestamp":"2025-04-09T14:54:58.715Z"}
{"level":"error","message":"Error al obtener las propiedades: Unknown column 'state' in 'field list'","timestamp":"2025-04-09T14:55:28.754Z"}
{"level":"error","message":"Error al obtener las propiedades: Unknown column 'state' in 'field list'","timestamp":"2025-04-09T14:58:28.692Z"}
{"level":"error","message":"Error al obtener las propiedades: Unknown column 'state' in 'field list'","timestamp":"2025-04-09T14:58:43.699Z"}
{"level":"error","message":"Error al crear la propiedad: read ECONNRESET","timestamp":"2025-04-09T15:25:28.448Z"}
{"level":"error","message":"Error al crear la propiedad: Malformed communication packet.","timestamp":"2025-04-09T15:29:47.417Z"}
{"level":"error","message":"Error al crear la propiedad: Malformed communication packet.","timestamp":"2025-04-09T15:32:47.404Z"}
{"level":"error","message":"Error al crear la propiedad: Malformed communication packet.","timestamp":"2025-04-09T15:33:10.684Z"}
{"level":"error","message":"Error al crear la propiedad: Malformed communication packet.","timestamp":"2025-04-09T15:34:38.351Z"}
